<?xml version="1.0" encoding="UTF-8"?>
<!-- Generated by org.testng.reporters.JUnitReportReporter -->
<testsuite hostname="LTIN299741" failures="0" tests="6" name="projectTestCases.HomePageTestCases" time="17.797" errors="0" timestamp="2024-04-04T18:16:37 IST" skipped="0">
  <testcase classname="projectTestCases.HomePageTestCases" name="checkHomePageUrlTest" time="0.022"/>
  <system-out/>
  <testcase classname="projectTestCases.HomePageTestCases" name="checkHomePageUrlTest" time="0.027"/>
  <system-out/>
  <testcase classname="projectTestCases.HomePageTestCases" name="checkHomePageTitleTest" time="0.027"/>
  <system-out/>
  <testcase classname="projectTestCases.HomePageTestCases" name="checkHomePageTitleTest" time="0.019"/>
  <system-out/>
  <testcase classname="projectTestCases.HomePageTestCases" name="ExtractDealTest" time="8.854"/>
  <system-out/>
  <testcase classname="projectTestCases.HomePageTestCases" name="ExtractDealTest" time="8.848"/>
  <system-out/>
</testsuite> <!-- projectTestCases.HomePageTestCases -->
