<?xml version="1.0" encoding="UTF-8"?>
<!-- Generated by org.testng.reporters.JUnitReportReporter -->
<testsuite hostname="LTIN299741" failures="0" tests="18" name="projectTestCases.ProductPageTestCases" time="47.484" errors="0" timestamp="2024-04-04T18:16:37 IST" skipped="0">
  <testcase classname="projectTestCases.ProductPageTestCases" name="checkHomePageUrlTest" time="0.029"/>
  <system-out/>
  <testcase classname="projectTestCases.ProductPageTestCases" name="checkHomePageUrlTest" time="0.028"/>
  <system-out/>
  <testcase classname="projectTestCases.ProductPageTestCases" name="clickBookShelfTest" time="4.076"/>
  <system-out/>
  <testcase classname="projectTestCases.ProductPageTestCases" name="clickBookShelfTest" time="4.452"/>
  <system-out/>
  <testcase classname="projectTestCases.ProductPageTestCases" name="checkProductPageUrlTest" time="0.014"/>
  <system-out/>
  <testcase classname="projectTestCases.ProductPageTestCases" name="checkProductPageUrlTest" time="0.024"/>
  <system-out/>
  <testcase classname="projectTestCases.ProductPageTestCases" name="checkProductPageTitleTest" time="0.016"/>
  <system-out/>
  <testcase classname="projectTestCases.ProductPageTestCases" name="checkProductPageTitleTest" time="0.014"/>
  <system-out/>
  <testcase classname="projectTestCases.ProductPageTestCases" name="popupTest" time="5.231"/>
  <system-out/>
  <testcase classname="projectTestCases.ProductPageTestCases" name="popupTest" time="5.191"/>
  <system-out/>
  <testcase classname="projectTestCases.ProductPageTestCases" name="PriceSliderTest" time="10.811"/>
  <system-out/>
  <testcase classname="projectTestCases.ProductPageTestCases" name="PriceSliderTest" time="10.706"/>
  <system-out/>
  <testcase classname="projectTestCases.ProductPageTestCases" name="StorageTypeTest" time="0.406"/>
  <system-out/>
  <testcase classname="projectTestCases.ProductPageTestCases" name="StorageTypeTest" time="0.451"/>
  <system-out/>
  <testcase classname="projectTestCases.ProductPageTestCases" name="ExcludeOutOfStockTest" time="0.227"/>
  <system-out/>
  <testcase classname="projectTestCases.ProductPageTestCases" name="ExcludeOutOfStockTest" time="0.226"/>
  <system-out/>
  <testcase classname="projectTestCases.ProductPageTestCases" name="listOfProductsTest" time="2.739"/>
  <system-out/>
  <testcase classname="projectTestCases.ProductPageTestCases" name="listOfProductsTest" time="2.843"/>
  <system-out/>
</testsuite> <!-- projectTestCases.ProductPageTestCases -->
